<?xml version="1.0" encoding="UTF-8"?>
<!-- Generated by org.testng.reporters.JUnitXMLReporter -->
<testsuite hostname="101.lan0.mk.uz.ua" ignored="0" name="Benefits page checking" tests="2" failures="0" timestamp="05 Apr 2017 19:22:56 GMT" time="114.771" errors="0">
  <testcase name="openingPageAndClickOnRequestDemo" time="6.025" classname="tests.BenefitsPageTests"/>
  <testcase name="scrollingDownAndVerifyingPresenceOfElements" time="108.745" classname="tests.BenefitsPageTests"/>
</testsuite> <!-- Benefits page checking -->
