<?xml version="1.0" encoding="UTF-8"?>
<!-- Generated by org.testng.reporters.JUnitXMLReporter -->
<testsuite hostname="101.lan0.mk.uz.ua" ignored="0" name="Benefits page desktop checking" tests="2" failures="0" timestamp="05 Apr 2017 12:28:23 GMT" time="60.473" errors="0">
  <testcase name="openingPageAndClickOnRequestDemo" time="5.877" classname="tests.BenefitsPageTests"/>
  <testcase name="scrollingDownAndVerifyingPresenceOfElements" time="54.586" classname="tests.BenefitsPageTests"/>
</testsuite> <!-- Benefits page desktop checking -->
