<?xml version="1.0" encoding="UTF-8"?>
<!-- Generated by org.testng.reporters.JUnitXMLReporter -->
<testsuite hostname="101.lan0.mk.uz.ua" ignored="0" name="Benefits page iphone7 checking" tests="2" failures="0" timestamp="05 Apr 2017 12:40:09 GMT" time="24.582" errors="0">
  <testcase name="openingPageAndClickOnRequestDemo" time="5.58" classname="tests.BenefitsPageTests"/>
  <testcase name="scrollingDownAndVerifyingPresenceOfElements" time="18.892" classname="tests.BenefitsPageTests"/>
</testsuite> <!-- Benefits page iphone7 checking -->
