<?xml version="1.0" encoding="UTF-8"?>
<!-- Generated by org.testng.reporters.JUnitXMLReporter -->
<testsuite hostname="100.lan0.mk.uz.ua" ignored="0" name="Blog main page checking" tests="10" failures="1" timestamp="07 Mar 2017 17:20:21 GMT" time="264.81" errors="0">
  <testcase name="checkSocialNetworkButton" time="72.562" classname="tests.Blog.BlogMainPageTests"/>
  <testcase name="clickingOnAuthorChecking" time="21.027" classname="tests.Blog.BlogMainPageTests"/>
  <testcase name="clickingOnTagChecking" time="22.432" classname="tests.Blog.BlogMainPageTests"/>
  <testcase name="goingToCommentsSectionByClickOnClickHereLink" time="26.659" classname="tests.Blog.BlogMainPageTests"/>
  <testcase name="openingPostByClickOnReadThisPostBtn" time="18.824" classname="tests.Blog.BlogMainPageTests"/>
  <testcase name="openingPostByClickOnTitle" time="20.249" classname="tests.Blog.BlogMainPageTests"/>
  <testcase name="subscribeToEmptyEmail" time="21.938" classname="tests.Blog.BlogMainPageTests">
    <failure type="java.lang.AssertionError" message="expected [Email is required] but found [Please complete this mandatory field.]">
      <![CDATA[java.lang.AssertionError: expected [Email is required] but found [Please complete this mandatory field.]
	at tests.Blog.BlogMainPageTests.subscribeToEmptyEmail(BlogMainPageTests.java:38)
... Removed 34 stack frames]]>
    </failure>
  </testcase> <!-- subscribeToEmptyEmail -->
  <testcase name="subscribeToValidEmail" time="18.055" classname="tests.Blog.BlogMainPageTests"/>
  <testcase name="subscribeToWrongEmailWithAt" time="21.947" classname="tests.Blog.BlogMainPageTests"/>
  <testcase name="subscribeToWrongEmailWithoutAt" time="21.097" classname="tests.Blog.BlogMainPageTests"/>
</testsuite> <!-- Blog main page checking -->
