<?xml version="1.0" encoding="UTF-8"?>
<!-- Generated by org.testng.reporters.JUnitXMLReporter -->
<testsuite hostname="102.lan0.mk.uz.ua" ignored="0" name="Careers page checking" tests="2" failures="0" timestamp="15 Mar 2017 10:34:26 GMT" time="34.582" errors="0">
  <testcase name="checkElementsArePresent" time="16.407" classname="tests.About.CareersTests"/>
  <testcase name="openingVacancyAndSendingEmptyForm" time="18.175" classname="tests.About.CareersTests"/>
</testsuite> <!-- Careers page checking -->
