<?xml version="1.0" encoding="UTF-8"?>
<!-- Generated by org.testng.reporters.JUnitXMLReporter -->
<testsuite hostname="101.lan0.mk.uz.ua" ignored="0" name="Careers page checking" tests="2" failures="0" timestamp="05 Apr 2017 19:25:31 GMT" time="16.812" errors="0">
  <testcase name="checkElementsArePresent" time="5.665" classname="tests.About.CareersTests"/>
  <testcase name="openingVacancyAndSendingEmptyForm" time="11.147" classname="tests.About.CareersTests"/>
</testsuite> <!-- Careers page checking -->
