<?xml version="1.0" encoding="UTF-8"?>
<!-- Generated by org.testng.reporters.JUnitXMLReporter -->
<testsuite hostname="101.lan0.mk.uz.ua" ignored="0" name="Careers page desktop checking" tests="2" failures="0" timestamp="05 Apr 2017 12:30:35 GMT" time="17.958" errors="0">
  <testcase name="checkElementsArePresent" time="6.15" classname="tests.About.CareersTests"/>
  <testcase name="openingVacancyAndSendingEmptyForm" time="11.799" classname="tests.About.CareersTests"/>
</testsuite> <!-- Careers page desktop checking -->
