<?xml version="1.0" encoding="UTF-8"?>
<!-- Generated by org.testng.reporters.JUnitXMLReporter -->
<testsuite hostname="103.lan0.mk.uz.ua" ignored="0" name="Contact Us page checking" tests="2" failures="0" timestamp="03 Mar 2017 10:37:03 GMT" time="94.102" errors="0">
  <testcase name="badEmailChecking" time="44.305" classname="tests.About.ContactUsPageTests"/>
  <testcase name="emptyDataChecking" time="49.796" classname="tests.About.ContactUsPageTests"/>
</testsuite> <!-- Contact Us page checking -->
