<?xml version="1.0" encoding="UTF-8"?>
<!-- Generated by org.testng.reporters.JUnitXMLReporter -->
<testsuite hostname="101.lan0.mk.uz.ua" ignored="0" name="Contact Us page desktop checking" tests="2" failures="0" timestamp="04 Apr 2017 18:30:46 GMT" time="13.498" errors="0">
  <testcase name="badEmailChecking" time="4.87" classname="tests.About.ContactUsPageTests"/>
  <testcase name="emptyDataChecking" time="8.515" classname="tests.About.ContactUsPageTests"/>
</testsuite> <!-- Contact Us page desktop checking -->
