<?xml version="1.0" encoding="UTF-8"?>
<!-- Generated by org.testng.reporters.JUnitXMLReporter -->
<testsuite hostname="101.lan0.mk.uz.ua" ignored="0" name="Contact Us page desktop checking" tests="2" failures="0" timestamp="05 Apr 2017 12:30:45 GMT" time="9.97" errors="0">
  <testcase name="badEmailChecking" time="4.941" classname="tests.About.ContactUsPageTests"/>
  <testcase name="emptyDataChecking" time="5.021" classname="tests.About.ContactUsPageTests"/>
</testsuite> <!-- Contact Us page desktop checking -->
