<?xml version="1.0" encoding="UTF-8"?>
<!-- Generated by org.testng.reporters.JUnitXMLReporter -->
<testsuite hostname="101.lan0.mk.uz.ua" ignored="0" name="Login page nexus6 checking" tests="5" failures="0" timestamp="05 Apr 2017 13:11:37 GMT" time="28.429" errors="0">
  <testcase name="correctLogin" time="6.521" classname="tests.LoginPageTests"/>
  <testcase name="forgotPasswordEmptyFields" time="3.605" classname="tests.LoginPageTests"/>
  <testcase name="forgotPasswordWrongEmail" time="7.506" classname="tests.LoginPageTests"/>
  <testcase name="loginCheckEmptyFields" time="3.374" classname="tests.LoginPageTests"/>
  <testcase name="loginFormCheckingWrongEmail" time="7.309" classname="tests.LoginPageTests"/>
</testsuite> <!-- Login page nexus6 checking -->
