<?xml version="1.0" encoding="UTF-8"?>
<!-- Generated by org.testng.reporters.JUnitXMLReporter -->
<testsuite hostname="100.lan0.mk.uz.ua" ignored="0" name="Login page checking" tests="5" failures="0" timestamp="07 Mar 2017 17:41:03 GMT" time="24.724" errors="0">
  <testcase name="correctLogin" time="9.076" classname="tests.LoginPageTests"/>
  <testcase name="forgotPasswordEmptyFields" time="5.144" classname="tests.LoginPageTests"/>
  <testcase name="forgotPasswordWrongEmail" time="4.914" classname="tests.LoginPageTests"/>
  <testcase name="loginCheckEmptyFields" time="2.989" classname="tests.LoginPageTests"/>
  <testcase name="loginFormCheckingWrongEmail" time="2.601" classname="tests.LoginPageTests"/>
</testsuite> <!-- Login page checking -->
