<?xml version="1.0" encoding="UTF-8"?>
<!-- Generated by org.testng.reporters.JUnitXMLReporter -->
<testsuite hostname="102.lan0.mk.uz.ua" ignored="0" name="Our Story page checking" tests="2" failures="0" timestamp="06 Mar 2017 09:31:12 GMT" time="119.781" errors="0">
  <testcase name="checkingOurStoryPageAppears" time="29.57" classname="tests.About.OurStory"/>
  <testcase name="checkingOurStoryThatElementsArePresent" time="90.21" classname="tests.About.OurStory"/>
</testsuite> <!-- Our Story page checking -->
