<?xml version="1.0" encoding="UTF-8"?>
<!-- Generated by org.testng.reporters.JUnitXMLReporter -->
<testsuite hostname="101.lan0.mk.uz.ua" ignored="0" name="Our Story page iphone7 checking" tests="2" failures="0" timestamp="05 Apr 2017 12:40:30 GMT" time="21.35" errors="0">
  <testcase name="checkingOurStoryPageAppears" time="8.612" classname="tests.About.OurStory"/>
  <testcase name="checkingOurStoryThatElementsArePresent" time="12.729" classname="tests.About.OurStory"/>
</testsuite> <!-- Our Story page iphone7 checking -->
