<?xml version="1.0" encoding="UTF-8"?>
<!-- Generated by org.testng.reporters.JUnitXMLReporter -->
<testsuite hostname="100.lan0.mk.uz.ua" ignored="0" name="Our Story page checking" tests="2" failures="0" timestamp="07 Mar 2017 15:45:46 GMT" time="96.665" errors="0">
  <testcase name="checkingOurStoryPageAppears" time="18.486" classname="tests.About.OurStory"/>
  <testcase name="checkingOurStoryThatElementsArePresent" time="78.179" classname="tests.About.OurStory"/>
</testsuite> <!-- Our Story page checking -->
