<?xml version="1.0" encoding="UTF-8"?>
<!-- Generated by org.testng.reporters.JUnitXMLReporter -->
<testsuite hostname="103.lan0.mk.uz.ua" ignored="0" name="Press page checking" tests="6" failures="0" timestamp="16 Mar 2017 16:07:23 GMT" time="46.201" errors="0">
  <testcase name="checkinReadMoreLink" time="7.57" classname="tests.About.PressTests"/>
  <testcase name="chekingStyleGuide" time="14.459" classname="tests.About.PressTests"/>
  <testcase name="downloadLinkCheckingIconBlack" time="3.979" classname="tests.About.PressTests"/>
  <testcase name="downloadLinkCheckingLogo" time="3.33" classname="tests.About.PressTests"/>
  <testcase name="downloadLinkCheckingLogoBlack" time="3.347" classname="tests.About.PressTests"/>
  <testcase name="downloadLinkCheckingLogoVertical" time="13.498" classname="tests.About.PressTests"/>
</testsuite> <!-- Press page checking -->
