<?xml version="1.0" encoding="UTF-8"?>
<!-- Generated by org.testng.reporters.JUnitXMLReporter -->
<testsuite hostname="102.lan0.mk.uz.ua" ignored="0" name="Support page checking" tests="11" failures="0" timestamp="14 Mar 2017 17:45:12 GMT" time="82.712" errors="0">
  <testcase name="asubmitRequestEmptyFieldsChecking" time="11.98" classname="tests.SupportPageTests"/>
  <testcase name="asubmitRequestEmptyWrongEmailWithoutAt" time="9.413" classname="tests.SupportPageTests"/>
  <testcase name="backToDashboardChecking" time="10.615" classname="tests.SupportPageTests"/>
  <testcase name="breadCrumbsChecking" time="7.802" classname="tests.SupportPageTests"/>
  <testcase name="openArticleFromCategory" time="4.687" classname="tests.SupportPageTests"/>
  <testcase name="openArticleFromSideBarMenu" time="6.983" classname="tests.SupportPageTests"/>
  <testcase name="openingArticleFromPopular" time="5.095" classname="tests.SupportPageTests"/>
  <testcase name="searchWithTooLongValue" time="5.6" classname="tests.SupportPageTests"/>
  <testcase name="searchWithValidValue" time="4.461" classname="tests.SupportPageTests"/>
  <testcase name="singInChecking" time="7.055" classname="tests.SupportPageTests"/>
  <testcase name="submitRequestPageUploading" time="9.017" classname="tests.SupportPageTests"/>
</testsuite> <!-- Support page checking -->
